<?xml version="1.0" encoding="UTF-8"?>
<!-- Generated by org.testng.reporters.JUnitReportReporter -->
<testsuite hostname="ASCINLAP61416" failures="0" tests="8" name="com.snapdeal.tests.loginsnapdeal" time="96.009" errors="0" timestamp="2025-10-28T14:43:18 IST" skipped="0">
  <testcase classname="com.snapdeal.tests.loginsnapdeal" name="loginSnapdeal" time="59.638"/>
  <testcase classname="com.snapdeal.tests.loginsnapdeal" name="openHomePage" time="3.424"/>
  <testcase classname="com.snapdeal.tests.loginsnapdeal" name="searchProduct" time="5.316"/>
  <testcase classname="com.snapdeal.tests.loginsnapdeal" name="sortProducts" time="1.138"/>
  <testcase classname="com.snapdeal.tests.loginsnapdeal" name="selectFirstProduct" time="21.026"/>
  <testcase classname="com.snapdeal.tests.loginsnapdeal" name="addToCart" time="4.197"/>
  <testcase classname="com.snapdeal.tests.loginsnapdeal" name="viewCart" time="0.426"/>
  <testcase classname="com.snapdeal.tests.loginsnapdeal" name="verifyCartPage" time="0.844"/>
</testsuite> <!-- com.snapdeal.tests.loginsnapdeal -->
